# JRE version: Java(TM) SE Runtime Environment (17.0.1+12) (build 17.0.1+12-LTS-39)
# Java VM: Java HotSpot(TM) 64-Bit Server VM (17.0.1+12-LTS-39, mixed mode, sharing, tiered, compressed oops, compressed class ptrs, g1 gc, bsd-amd64)
GC Precious Log:
 CPUs: 12 total, 12 available
 Memory: 16384M
 Large Page Support: Disabled
 NUMA Support: Disabled
 Compressed Oops: Enabled (Zero based)
 Heap Region Size: 2M
 Heap Min Capacity: 1G
 Heap Initial Capacity: 1G
 Heap Max Capacity: 3000M
 Pre-touch: Disabled
 Parallel Workers: 10
 Concurrent Workers: 3
 Concurrent Refinement Workers: 10
 Periodic GC: Disabled
Heap:
 garbage-first heap   total 1048576K, used 73034K [0x0000000744800000, 0x0000000800000000)
  region size 2048K, 11 young (22528K), 2 survivors (4096K)
 Metaspace       used 9999K, committed 10240K, reserved 1064960K
  class space    used 754K, committed 896K, reserved 1048576K
GC Heap History (14 events):
Event: 10.414 GC heap before
{Heap before GC invocations=0 (full 0):
 garbage-first heap   total 1052672K, used 42964K [0x0000000744800000, 0x0000000800000000)
  region size 2048K, 21 young (43008K), 0 survivors (0K)
 Metaspace       used 4168K, committed 4352K, reserved 1056768K
  class space    used 214K, committed 320K, reserved 1048576K
}
Event: 10.530 GC heap after
{Heap after GC invocations=1 (full 1):
 garbage-first heap   total 1048576K, used 3911K [0x0000000744800000, 0x0000000800000000)
  region size 2048K, 0 young (0K), 0 survivors (0K)
 Metaspace       used 4168K, committed 4352K, reserved 1056768K
  class space    used 214K, committed 320K, reserved 1048576K
}
Event: 15.462 GC heap before
{Heap before GC invocations=1 (full 1):
 garbage-first heap   total 1048576K, used 3911K [0x0000000744800000, 0x0000000800000000)
  region size 2048K, 1 young (2048K), 0 survivors (0K)
 Metaspace       used 4172K, committed 4352K, reserved 1056768K
  class space    used 214K, committed 320K, reserved 1048576K
}
Event: 15.496 GC heap after
{Heap after GC invocations=2 (full 2):
 garbage-first heap   total 1048576K, used 3549K [0x0000000744800000, 0x0000000800000000)
  region size 2048K, 0 young (0K), 0 survivors (0K)
 Metaspace       used 4172K, committed 4352K, reserved 1056768K
  class space    used 214K, committed 320K, reserved 1048576K
}
Event: 20.550 GC heap before
{Heap before GC invocations=2 (full 2):
 garbage-first heap   total 1048576K, used 3549K [0x0000000744800000, 0x0000000800000000)
  region size 2048K, 1 young (2048K), 0 survivors (0K)
 Metaspace       used 4172K, committed 4352K, reserved 1056768K
  class space    used 214K, committed 320K, reserved 1048576K
}
Event: 20.561 GC heap after
{Heap after GC invocations=3 (full 3):
 garbage-first heap   total 1048576K, used 3502K [0x0000000744800000, 0x0000000800000000)
  region size 2048K, 0 young (0K), 0 survivors (0K)
 Metaspace       used 4172K, committed 4352K, reserved 1056768K
  class space    used 214K, committed 320K, reserved 1048576K
}
Event: 25.699 GC heap before
{Heap before GC invocations=3 (full 3):
 garbage-first heap   total 1048576K, used 3502K [0x0000000744800000, 0x0000000800000000)
  region size 2048K, 1 young (2048K), 0 survivors (0K)
 Metaspace       used 4172K, committed 4352K, reserved 1056768K
  class space    used 214K, committed 320K, reserved 1048576K
}
Event: 25.712 GC heap after
{Heap after GC invocations=4 (full 4):
 garbage-first heap   total 1048576K, used 3488K [0x0000000744800000, 0x0000000800000000)
  region size 2048K, 0 young (0K), 0 survivors (0K)
 Metaspace       used 4172K, committed 4352K, reserved 1056768K
  class space    used 214K, committed 320K, reserved 1048576K
}
Event: 30.856 GC heap before
{Heap before GC invocations=4 (full 4):
 garbage-first heap   total 1048576K, used 3488K [0x0000000744800000, 0x0000000800000000)
  region size 2048K, 1 young (2048K), 0 survivors (0K)
 Metaspace       used 4172K, committed 4352K, reserved 1056768K
  class space    used 214K, committed 320K, reserved 1048576K
}
Event: 30.866 GC heap after
{Heap after GC invocations=5 (full 5):
 garbage-first heap   total 1048576K, used 3480K [0x0000000744800000, 0x0000000800000000)
  region size 2048K, 0 young (0K), 0 survivors (0K)
 Metaspace       used 4172K, committed 4352K, reserved 1056768K
  class space    used 214K, committed 320K, reserved 1048576K
}
Event: 37.366 GC heap before
{Heap before GC invocations=5 (full 5):
 garbage-first heap   total 1048576K, used 50584K [0x0000000744800000, 0x0000000800000000)
  region size 2048K, 13 young (26624K), 0 survivors (0K)
 Metaspace       used 6758K, committed 6976K, reserved 1056768K
  class space    used 452K, committed 576K, reserved 1048576K
}
Event: 37.386 GC heap after
{Heap after GC invocations=6 (full 6):
 garbage-first heap   total 1048576K, used 5258K [0x0000000744800000, 0x0000000800000000)
  region size 2048K, 0 young (0K), 0 survivors (0K)
 Metaspace       used 6758K, committed 6976K, reserved 1056768K
  class space    used 452K, committed 576K, reserved 1048576K
}
Event: 46.739 GC heap before
{Heap before GC invocations=6 (full 6):
 garbage-first heap   total 1048576K, used 81034K [0x0000000744800000, 0x0000000800000000)
  region size 2048K, 25 young (51200K), 0 survivors (0K)
 Metaspace       used 9875K, committed 10048K, reserved 1064960K
  class space    used 732K, committed 832K, reserved 1048576K
}
Event: 46.744 GC heap after
{Heap after GC invocations=7 (full 6):
 garbage-first heap   total 1048576K, used 32074K [0x0000000744800000, 0x0000000800000000)
  region size 2048K, 2 young (4096K), 2 survivors (4096K)
 Metaspace       used 9875K, committed 10048K, reserved 1064960K
  class space    used 732K, committed 832K, reserved 1048576K
}

