# JRE version: Java(TM) SE Runtime Environment (17.0.1+12) (build 17.0.1+12-LTS-39)
# Java VM: Java HotSpot(TM) 64-Bit Server VM (17.0.1+12-LTS-39, mixed mode, sharing, tiered, compressed class ptrs, g1 gc, bsd-amd64)
GC Precious Log:
 CPUs: 12 total, 12 available
 Memory: 16384M
 Large Page Support: Disabled
 NUMA Support: Disabled
 Compressed Oops: Disabled
 Heap Region Size: 2M
 Heap Min Capacity: 1G
 Heap Initial Capacity: 1G
 Heap Max Capacity: 3000M
 Pre-touch: Disabled
 Parallel Workers: 10
 Concurrent Workers: 3
 Concurrent Refinement Workers: 10
 Periodic GC: Disabled
Heap:
 garbage-first heap   total 1048576K, used 5572K [0x000000011da00000, 0x00000001d9200000)
  region size 2048K, 1 young (2048K), 0 survivors (0K)
 Metaspace       used 10193K, committed 10368K, reserved 1064960K
  class space    used 786K, committed 896K, reserved 1048576K
GC Heap History (16 events):
Event: 2.451 GC heap before
{Heap before GC invocations=0 (full 0):
 garbage-first heap   total 1048576K, used 49152K [0x000000011da00000, 0x00000001d9200000)
  region size 2048K, 25 young (51200K), 0 survivors (0K)
 Metaspace       used 4203K, committed 4352K, reserved 1056768K
  class space    used 226K, committed 320K, reserved 1048576K
}
Event: 2.465 GC heap after
{Heap after GC invocations=1 (full 1):
 garbage-first heap   total 1048576K, used 3248K [0x000000011da00000, 0x00000001d9200000)
  region size 2048K, 0 young (0K), 0 survivors (0K)
 Metaspace       used 4203K, committed 4352K, reserved 1056768K
  class space    used 226K, committed 320K, reserved 1048576K
}
Event: 4.196 GC heap before
{Heap before GC invocations=1 (full 1):
 garbage-first heap   total 1048576K, used 3248K [0x000000011da00000, 0x00000001d9200000)
  region size 2048K, 1 young (2048K), 0 survivors (0K)
 Metaspace       used 4207K, committed 4352K, reserved 1056768K
  class space    used 226K, committed 320K, reserved 1048576K
}
Event: 4.205 GC heap after
{Heap after GC invocations=2 (full 2):
 garbage-first heap   total 1048576K, used 2725K [0x000000011da00000, 0x00000001d9200000)
  region size 2048K, 0 young (0K), 0 survivors (0K)
 Metaspace       used 4207K, committed 4352K, reserved 1056768K
  class space    used 226K, committed 320K, reserved 1048576K
}
Event: 5.860 GC heap before
{Heap before GC invocations=2 (full 2):
 garbage-first heap   total 1048576K, used 2725K [0x000000011da00000, 0x00000001d9200000)
  region size 2048K, 1 young (2048K), 0 survivors (0K)
 Metaspace       used 4207K, committed 4352K, reserved 1056768K
  class space    used 226K, committed 320K, reserved 1048576K
}
Event: 5.867 GC heap after
{Heap after GC invocations=3 (full 3):
 garbage-first heap   total 1048576K, used 2657K [0x000000011da00000, 0x00000001d9200000)
  region size 2048K, 0 young (0K), 0 survivors (0K)
 Metaspace       used 4207K, committed 4352K, reserved 1056768K
  class space    used 226K, committed 320K, reserved 1048576K
}
Event: 7.565 GC heap before
{Heap before GC invocations=3 (full 3):
 garbage-first heap   total 1048576K, used 2657K [0x000000011da00000, 0x00000001d9200000)
  region size 2048K, 1 young (2048K), 0 survivors (0K)
 Metaspace       used 4207K, committed 4352K, reserved 1056768K
  class space    used 226K, committed 320K, reserved 1048576K
}
Event: 7.569 GC heap after
{Heap after GC invocations=4 (full 4):
 garbage-first heap   total 1048576K, used 2637K [0x000000011da00000, 0x00000001d9200000)
  region size 2048K, 0 young (0K), 0 survivors (0K)
 Metaspace       used 4207K, committed 4352K, reserved 1056768K
  class space    used 226K, committed 320K, reserved 1048576K
}
Event: 9.310 GC heap before
{Heap before GC invocations=4 (full 4):
 garbage-first heap   total 1048576K, used 2637K [0x000000011da00000, 0x00000001d9200000)
  region size 2048K, 1 young (2048K), 0 survivors (0K)
 Metaspace       used 4207K, committed 4352K, reserved 1056768K
  class space    used 226K, committed 320K, reserved 1048576K
}
Event: 9.314 GC heap after
{Heap after GC invocations=5 (full 5):
 garbage-first heap   total 1048576K, used 2625K [0x000000011da00000, 0x00000001d9200000)
  region size 2048K, 0 young (0K), 0 survivors (0K)
 Metaspace       used 4207K, committed 4352K, reserved 1056768K
  class space    used 226K, committed 320K, reserved 1048576K
}
Event: 11.465 GC heap before
{Heap before GC invocations=5 (full 5):
 garbage-first heap   total 1048576K, used 14913K [0x000000011da00000, 0x00000001d9200000)
  region size 2048K, 5 young (10240K), 0 survivors (0K)
 Metaspace       used 6757K, committed 6912K, reserved 1056768K
  class space    used 457K, committed 512K, reserved 1048576K
}
Event: 11.471 GC heap after
{Heap after GC invocations=6 (full 6):
 garbage-first heap   total 1048576K, used 3864K [0x000000011da00000, 0x00000001d9200000)
  region size 2048K, 0 young (0K), 0 survivors (0K)
 Metaspace       used 6757K, committed 6912K, reserved 1056768K
  class space    used 457K, committed 512K, reserved 1048576K
}
Event: 14.221 GC heap before
{Heap before GC invocations=6 (full 6):
 garbage-first heap   total 1048576K, used 79640K [0x000000011da00000, 0x00000001d9200000)
  region size 2048K, 25 young (51200K), 0 survivors (0K)
 Metaspace       used 9878K, committed 10112K, reserved 1064960K
  class space    used 738K, committed 832K, reserved 1048576K
}
Event: 14.223 GC heap after
{Heap after GC invocations=7 (full 6):
 garbage-first heap   total 1048576K, used 31224K [0x000000011da00000, 0x00000001d9200000)
  region size 2048K, 2 young (4096K), 2 survivors (4096K)
 Metaspace       used 9878K, committed 10112K, reserved 1064960K
  class space    used 738K, committed 832K, reserved 1048576K
}
Event: 14.587 GC heap before
{Heap before GC invocations=7 (full 6):
 garbage-first heap   total 1048576K, used 78328K [0x000000011da00000, 0x00000001d9200000)
  region size 2048K, 14 young (28672K), 2 survivors (4096K)
 Metaspace       used 9923K, committed 10112K, reserved 1064960K
  class space    used 748K, committed 832K, reserved 1048576K
}
Event: 14.595 GC heap after
{Heap after GC invocations=8 (full 7):
 garbage-first heap   total 1048576K, used 5572K [0x000000011da00000, 0x00000001d9200000)
  region size 2048K, 0 young (0K), 0 survivors (0K)
 Metaspace       used 9923K, committed 10112K, reserved 1064960K
  class space    used 748K, committed 832K, reserved 1048576K
}

