# JRE version: Java(TM) SE Runtime Environment (17.0.1+12) (build 17.0.1+12-LTS-39)
# Java VM: Java HotSpot(TM) 64-Bit Server VM (17.0.1+12-LTS-39, mixed mode, sharing, tiered, compressed oops, compressed class ptrs, g1 gc, bsd-amd64)
GC Precious Log:
 CPUs: 12 total, 12 available
 Memory: 16384M
 Large Page Support: Disabled
 NUMA Support: Disabled
 Compressed Oops: Enabled (Zero based)
 Heap Region Size: 2M
 Heap Min Capacity: 1G
 Heap Initial Capacity: 1G
 Heap Max Capacity: 3000M
 Pre-touch: Disabled
 Parallel Workers: 10
 Concurrent Workers: 3
 Concurrent Refinement Workers: 10
 Periodic GC: Disabled
Heap:
 garbage-first heap   total 1048576K, used 5840K [0x0000000744800000, 0x0000000800000000)
  region size 2048K, 1 young (2048K), 0 survivors (0K)
 Metaspace       used 10170K, committed 10368K, reserved 1064960K
  class space    used 784K, committed 896K, reserved 1048576K
GC Heap History (16 events):
Event: 2.306 GC heap before
{Heap before GC invocations=0 (full 0):
 garbage-first heap   total 1052672K, used 42964K [0x0000000744800000, 0x0000000800000000)
  region size 2048K, 21 young (43008K), 0 survivors (0K)
 Metaspace       used 4185K, committed 4352K, reserved 1056768K
  class space    used 225K, committed 320K, reserved 1048576K
}
Event: 2.318 GC heap after
{Heap after GC invocations=1 (full 1):
 garbage-first heap   total 1048576K, used 3919K [0x0000000744800000, 0x0000000800000000)
  region size 2048K, 0 young (0K), 0 survivors (0K)
 Metaspace       used 4185K, committed 4352K, reserved 1056768K
  class space    used 225K, committed 320K, reserved 1048576K
}
Event: 4.029 GC heap before
{Heap before GC invocations=1 (full 1):
 garbage-first heap   total 1048576K, used 3919K [0x0000000744800000, 0x0000000800000000)
  region size 2048K, 1 young (2048K), 0 survivors (0K)
 Metaspace       used 4189K, committed 4352K, reserved 1056768K
  class space    used 225K, committed 320K, reserved 1048576K
}
Event: 4.038 GC heap after
{Heap after GC invocations=2 (full 2):
 garbage-first heap   total 1048576K, used 3556K [0x0000000744800000, 0x0000000800000000)
  region size 2048K, 0 young (0K), 0 survivors (0K)
 Metaspace       used 4189K, committed 4352K, reserved 1056768K
  class space    used 225K, committed 320K, reserved 1048576K
}
Event: 5.696 GC heap before
{Heap before GC invocations=2 (full 2):
 garbage-first heap   total 1048576K, used 3556K [0x0000000744800000, 0x0000000800000000)
  region size 2048K, 1 young (2048K), 0 survivors (0K)
 Metaspace       used 4189K, committed 4352K, reserved 1056768K
  class space    used 225K, committed 320K, reserved 1048576K
}
Event: 5.701 GC heap after
{Heap after GC invocations=3 (full 3):
 garbage-first heap   total 1048576K, used 3509K [0x0000000744800000, 0x0000000800000000)
  region size 2048K, 0 young (0K), 0 survivors (0K)
 Metaspace       used 4189K, committed 4352K, reserved 1056768K
  class space    used 225K, committed 320K, reserved 1048576K
}
Event: 7.414 GC heap before
{Heap before GC invocations=3 (full 3):
 garbage-first heap   total 1048576K, used 3509K [0x0000000744800000, 0x0000000800000000)
  region size 2048K, 1 young (2048K), 0 survivors (0K)
 Metaspace       used 4189K, committed 4352K, reserved 1056768K
  class space    used 225K, committed 320K, reserved 1048576K
}
Event: 7.418 GC heap after
{Heap after GC invocations=4 (full 4):
 garbage-first heap   total 1048576K, used 3495K [0x0000000744800000, 0x0000000800000000)
  region size 2048K, 0 young (0K), 0 survivors (0K)
 Metaspace       used 4189K, committed 4352K, reserved 1056768K
  class space    used 225K, committed 320K, reserved 1048576K
}
Event: 9.216 GC heap before
{Heap before GC invocations=4 (full 4):
 garbage-first heap   total 1048576K, used 3495K [0x0000000744800000, 0x0000000800000000)
  region size 2048K, 1 young (2048K), 0 survivors (0K)
 Metaspace       used 4189K, committed 4352K, reserved 1056768K
  class space    used 225K, committed 320K, reserved 1048576K
}
Event: 9.220 GC heap after
{Heap after GC invocations=5 (full 5):
 garbage-first heap   total 1048576K, used 3487K [0x0000000744800000, 0x0000000800000000)
  region size 2048K, 0 young (0K), 0 survivors (0K)
 Metaspace       used 4189K, committed 4352K, reserved 1056768K
  class space    used 225K, committed 320K, reserved 1048576K
}
Event: 11.238 GC heap before
{Heap before GC invocations=5 (full 5):
 garbage-first heap   total 1048576K, used 15775K [0x0000000744800000, 0x0000000800000000)
  region size 2048K, 5 young (10240K), 0 survivors (0K)
 Metaspace       used 6732K, committed 6848K, reserved 1056768K
  class space    used 457K, committed 512K, reserved 1048576K
}
Event: 11.244 GC heap after
{Heap after GC invocations=6 (full 6):
 garbage-first heap   total 1048576K, used 4423K [0x0000000744800000, 0x0000000800000000)
  region size 2048K, 0 young (0K), 0 survivors (0K)
 Metaspace       used 6732K, committed 6848K, reserved 1056768K
  class space    used 457K, committed 512K, reserved 1048576K
}
Event: 14.024 GC heap before
{Heap before GC invocations=6 (full 6):
 garbage-first heap   total 1048576K, used 80199K [0x0000000744800000, 0x0000000800000000)
  region size 2048K, 25 young (51200K), 0 survivors (0K)
 Metaspace       used 9853K, committed 10048K, reserved 1064960K
  class space    used 737K, committed 832K, reserved 1048576K
}
Event: 14.026 GC heap after
{Heap after GC invocations=7 (full 6):
 garbage-first heap   total 1048576K, used 31271K [0x0000000744800000, 0x0000000800000000)
  region size 2048K, 2 young (4096K), 2 survivors (4096K)
 Metaspace       used 9853K, committed 10048K, reserved 1064960K
  class space    used 737K, committed 832K, reserved 1048576K
}
Event: 14.374 GC heap before
{Heap before GC invocations=7 (full 6):
 garbage-first heap   total 1048576K, used 76327K [0x0000000744800000, 0x0000000800000000)
  region size 2048K, 13 young (26624K), 2 survivors (4096K)
 Metaspace       used 9898K, committed 10112K, reserved 1064960K
  class space    used 747K, committed 832K, reserved 1048576K
}
Event: 14.383 GC heap after
{Heap after GC invocations=8 (full 7):
 garbage-first heap   total 1048576K, used 5840K [0x0000000744800000, 0x0000000800000000)
  region size 2048K, 0 young (0K), 0 survivors (0K)
 Metaspace       used 9898K, committed 10112K, reserved 1064960K
  class space    used 747K, committed 832K, reserved 1048576K
}

