# JRE version: Java(TM) SE Runtime Environment (8.0_271-b09) (build 1.8.0_271-b09)
# Java VM: Java HotSpot(TM) 64-Bit Server VM (25.271-b09 mixed mode bsd-amd64 compressed oops)
Heap:
 PSYoungGen      total 305664K, used 59062K [0x0000000781800000, 0x0000000796d00000, 0x00000007c0000000)
  eden space 262144K, 22% used [0x0000000781800000,0x00000007851ad860,0x0000000791800000)
  from space 43520K, 0% used [0x0000000794280000,0x0000000794280000,0x0000000796d00000)
  to   space 43520K, 0% used [0x0000000791800000,0x0000000791800000,0x0000000794280000)
 ParOldGen       total 699392K, used 1707K [0x0000000704800000, 0x000000072f300000, 0x0000000781800000)
  object space 699392K, 0% used [0x0000000704800000,0x00000007049aadc8,0x000000072f300000)
 Metaspace       used 12117K, capacity 12365K, committed 12800K, reserved 1060864K
  class space    used 1036K, capacity 1153K, committed 1280K, reserved 1048576K
GC Heap History (10 events):
Event: 7.592 GC heap before
{Heap before GC invocations=8 (full 4):
 PSYoungGen      total 305664K, used 320K [0x0000000781800000, 0x0000000796d00000, 0x00000007c0000000)
  eden space 262144K, 0% used [0x0000000781800000,0x0000000781800000,0x0000000791800000)
  from space 43520K, 0% used [0x0000000794280000,0x00000007942d0000,0x0000000796d00000)
  to   space 43520K, 0% used [0x0000000791800000,0x0000000791800000,0x0000000794280000)
 ParOldGen       total 699392K, used 1735K [0x0000000704800000, 0x000000072f300000, 0x0000000781800000)
  object space 699392K, 0% used [0x0000000704800000,0x00000007049b1c50,0x000000072f300000)
 Metaspace       used 8303K, capacity 8513K, committed 8832K, reserved 1056768K
  class space    used 718K, capacity 809K, committed 896K, reserved 1048576K
Event: 7.598 GC heap after
Heap after GC invocations=8 (full 4):
 PSYoungGen      total 305664K, used 0K [0x0000000781800000, 0x0000000796d00000, 0x00000007c0000000)
  eden space 262144K, 0% used [0x0000000781800000,0x0000000781800000,0x0000000791800000)
  from space 43520K, 0% used [0x0000000794280000,0x0000000794280000,0x0000000796d00000)
  to   space 43520K, 0% used [0x0000000791800000,0x0000000791800000,0x0000000794280000)
 ParOldGen       total 699392K, used 1720K [0x0000000704800000, 0x000000072f300000, 0x0000000781800000)
  object space 699392K, 0% used [0x0000000704800000,0x00000007049ae140,0x000000072f300000)
 Metaspace       used 8303K, capacity 8513K, committed 8832K, reserved 1056768K
  class space    used 718K, capacity 809K, committed 896K, reserved 1048576K
}
Event: 9.298 GC heap before
{Heap before GC invocations=9 (full 4):
 PSYoungGen      total 305664K, used 5242K [0x0000000781800000, 0x0000000796d00000, 0x00000007c0000000)
  eden space 262144K, 2% used [0x0000000781800000,0x0000000781d1eba0,0x0000000791800000)
  from space 43520K, 0% used [0x0000000794280000,0x0000000794280000,0x0000000796d00000)
  to   space 43520K, 0% used [0x0000000791800000,0x0000000791800000,0x0000000794280000)
 ParOldGen       total 699392K, used 1720K [0x0000000704800000, 0x000000072f300000, 0x0000000781800000)
  object space 699392K, 0% used [0x0000000704800000,0x00000007049ae140,0x000000072f300000)
 Metaspace       used 8303K, capacity 8513K, committed 8832K, reserved 1056768K
  class space    used 718K, capacity 809K, committed 896K, reserved 1048576K
Event: 9.299 GC heap after
Heap after GC invocations=9 (full 4):
 PSYoungGen      total 305664K, used 288K [0x0000000781800000, 0x0000000796d00000, 0x00000007c0000000)
  eden space 262144K, 0% used [0x0000000781800000,0x0000000781800000,0x0000000791800000)
  from space 43520K, 0% used [0x0000000791800000,0x0000000791848000,0x0000000794280000)
  to   space 43520K, 0% used [0x0000000794280000,0x0000000794280000,0x0000000796d00000)
 ParOldGen       total 699392K, used 1720K [0x0000000704800000, 0x000000072f300000, 0x0000000781800000)
  object space 699392K, 0% used [0x0000000704800000,0x00000007049ae140,0x000000072f300000)
 Metaspace       used 8303K, capacity 8513K, committed 8832K, reserved 1056768K
  class space    used 718K, capacity 809K, committed 896K, reserved 1048576K
}
Event: 9.299 GC heap before
{Heap before GC invocations=10 (full 5):
 PSYoungGen      total 305664K, used 288K [0x0000000781800000, 0x0000000796d00000, 0x00000007c0000000)
  eden space 262144K, 0% used [0x0000000781800000,0x0000000781800000,0x0000000791800000)
  from space 43520K, 0% used [0x0000000791800000,0x0000000791848000,0x0000000794280000)
  to   space 43520K, 0% used [0x0000000794280000,0x0000000794280000,0x0000000796d00000)
 ParOldGen       total 699392K, used 1720K [0x0000000704800000, 0x000000072f300000, 0x0000000781800000)
  object space 699392K, 0% used [0x0000000704800000,0x00000007049ae140,0x000000072f300000)
 Metaspace       used 8303K, capacity 8513K, committed 8832K, reserved 1056768K
  class space    used 718K, capacity 809K, committed 896K, reserved 1048576K
Event: 9.306 GC heap after
Heap after GC invocations=10 (full 5):
 PSYoungGen      total 305664K, used 0K [0x0000000781800000, 0x0000000796d00000, 0x00000007c0000000)
  eden space 262144K, 0% used [0x0000000781800000,0x0000000781800000,0x0000000791800000)
  from space 43520K, 0% used [0x0000000791800000,0x0000000791800000,0x0000000794280000)
  to   space 43520K, 0% used [0x0000000794280000,0x0000000794280000,0x0000000796d00000)
 ParOldGen       total 699392K, used 1712K [0x0000000704800000, 0x000000072f300000, 0x0000000781800000)
  object space 699392K, 0% used [0x0000000704800000,0x00000007049ac208,0x000000072f300000)
 Metaspace       used 8303K, capacity 8513K, committed 8832K, reserved 1056768K
  class space    used 718K, capacity 809K, committed 896K, reserved 1048576K
}
Event: 11.130 GC heap before
{Heap before GC invocations=11 (full 5):
 PSYoungGen      total 305664K, used 5242K [0x0000000781800000, 0x0000000796d00000, 0x00000007c0000000)
  eden space 262144K, 2% used [0x0000000781800000,0x0000000781d1eba0,0x0000000791800000)
  from space 43520K, 0% used [0x0000000791800000,0x0000000791800000,0x0000000794280000)
  to   space 43520K, 0% used [0x0000000794280000,0x0000000794280000,0x0000000796d00000)
 ParOldGen       total 699392K, used 1712K [0x0000000704800000, 0x000000072f300000, 0x0000000781800000)
  object space 699392K, 0% used [0x0000000704800000,0x00000007049ac208,0x000000072f300000)
 Metaspace       used 8303K, capacity 8513K, committed 8832K, reserved 1056768K
  class space    used 718K, capacity 809K, committed 896K, reserved 1048576K
Event: 11.131 GC heap after
Heap after GC invocations=11 (full 5):
 PSYoungGen      total 305664K, used 288K [0x0000000781800000, 0x0000000796d00000, 0x00000007c0000000)
  eden space 262144K, 0% used [0x0000000781800000,0x0000000781800000,0x0000000791800000)
  from space 43520K, 0% used [0x0000000794280000,0x00000007942c8000,0x0000000796d00000)
  to   space 43520K, 0% used [0x0000000791800000,0x0000000791800000,0x0000000794280000)
 ParOldGen       total 699392K, used 1712K [0x0000000704800000, 0x000000072f300000, 0x0000000781800000)
  object space 699392K, 0% used [0x0000000704800000,0x00000007049ac208,0x000000072f300000)
 Metaspace       used 8303K, capacity 8513K, committed 8832K, reserved 1056768K
  class space    used 718K, capacity 809K, committed 896K, reserved 1048576K
}
Event: 11.131 GC heap before
{Heap before GC invocations=12 (full 6):
 PSYoungGen      total 305664K, used 288K [0x0000000781800000, 0x0000000796d00000, 0x00000007c0000000)
  eden space 262144K, 0% used [0x0000000781800000,0x0000000781800000,0x0000000791800000)
  from space 43520K, 0% used [0x0000000794280000,0x00000007942c8000,0x0000000796d00000)
  to   space 43520K, 0% used [0x0000000791800000,0x0000000791800000,0x0000000794280000)
 ParOldGen       total 699392K, used 1712K [0x0000000704800000, 0x000000072f300000, 0x0000000781800000)
  object space 699392K, 0% used [0x0000000704800000,0x00000007049ac208,0x000000072f300000)
 Metaspace       used 8303K, capacity 8513K, committed 8832K, reserved 1056768K
  class space    used 718K, capacity 809K, committed 896K, reserved 1048576K
Event: 11.136 GC heap after
Heap after GC invocations=12 (full 6):
 PSYoungGen      total 305664K, used 0K [0x0000000781800000, 0x0000000796d00000, 0x00000007c0000000)
  eden space 262144K, 0% used [0x0000000781800000,0x0000000781800000,0x0000000791800000)
  from space 43520K, 0% used [0x0000000794280000,0x0000000794280000,0x0000000796d00000)
  to   space 43520K, 0% used [0x0000000791800000,0x0000000791800000,0x0000000794280000)
 ParOldGen       total 699392K, used 1707K [0x0000000704800000, 0x000000072f300000, 0x0000000781800000)
  object space 699392K, 0% used [0x0000000704800000,0x00000007049aadc8,0x000000072f300000)
 Metaspace       used 8303K, capacity 8513K, committed 8832K, reserved 1056768K
  class space    used 718K, capacity 809K, committed 896K, reserved 1048576K
}

