# JRE version: Java(TM) SE Runtime Environment (17.0.1+12) (build 17.0.1+12-LTS-39)
# Java VM: Java HotSpot(TM) 64-Bit Server VM (17.0.1+12-LTS-39, mixed mode, sharing, tiered, compressed oops, compressed class ptrs, g1 gc, bsd-amd64)
GC Precious Log:
 CPUs: 12 total, 12 available
 Memory: 16384M
 Large Page Support: Disabled
 NUMA Support: Disabled
 Compressed Oops: Enabled (Zero based)
 Heap Region Size: 2M
 Heap Min Capacity: 1G
 Heap Initial Capacity: 1G
 Heap Max Capacity: 3000M
 Pre-touch: Disabled
 Parallel Workers: 10
 Concurrent Workers: 3
 Concurrent Refinement Workers: 10
 Periodic GC: Disabled
Heap:
 garbage-first heap   total 1048576K, used 73002K [0x0000000744800000, 0x0000000800000000)
  region size 2048K, 11 young (22528K), 2 survivors (4096K)
 Metaspace       used 10017K, committed 10240K, reserved 1064960K
  class space    used 754K, committed 896K, reserved 1048576K
GC Heap History (14 events):
Event: 3.472 GC heap before
{Heap before GC invocations=0 (full 0):
 garbage-first heap   total 1052672K, used 42964K [0x0000000744800000, 0x0000000800000000)
  region size 2048K, 21 young (43008K), 0 survivors (0K)
 Metaspace       used 4150K, committed 4352K, reserved 1056768K
  class space    used 213K, committed 320K, reserved 1048576K
}
Event: 3.492 GC heap after
{Heap after GC invocations=1 (full 1):
 garbage-first heap   total 1048576K, used 3911K [0x0000000744800000, 0x0000000800000000)
  region size 2048K, 0 young (0K), 0 survivors (0K)
 Metaspace       used 4150K, committed 4352K, reserved 1056768K
  class space    used 213K, committed 320K, reserved 1048576K
}
Event: 5.843 GC heap before
{Heap before GC invocations=1 (full 1):
 garbage-first heap   total 1048576K, used 3911K [0x0000000744800000, 0x0000000800000000)
  region size 2048K, 1 young (2048K), 0 survivors (0K)
 Metaspace       used 4154K, committed 4352K, reserved 1056768K
  class space    used 213K, committed 320K, reserved 1048576K
}
Event: 5.857 GC heap after
{Heap after GC invocations=2 (full 2):
 garbage-first heap   total 1048576K, used 3549K [0x0000000744800000, 0x0000000800000000)
  region size 2048K, 0 young (0K), 0 survivors (0K)
 Metaspace       used 4154K, committed 4352K, reserved 1056768K
  class space    used 213K, committed 320K, reserved 1048576K
}
Event: 8.202 GC heap before
{Heap before GC invocations=2 (full 2):
 garbage-first heap   total 1048576K, used 3549K [0x0000000744800000, 0x0000000800000000)
  region size 2048K, 1 young (2048K), 0 survivors (0K)
 Metaspace       used 4154K, committed 4352K, reserved 1056768K
  class space    used 213K, committed 320K, reserved 1048576K
}
Event: 8.208 GC heap after
{Heap after GC invocations=3 (full 3):
 garbage-first heap   total 1048576K, used 3502K [0x0000000744800000, 0x0000000800000000)
  region size 2048K, 0 young (0K), 0 survivors (0K)
 Metaspace       used 4154K, committed 4352K, reserved 1056768K
  class space    used 213K, committed 320K, reserved 1048576K
}
Event: 10.554 GC heap before
{Heap before GC invocations=3 (full 3):
 garbage-first heap   total 1048576K, used 3502K [0x0000000744800000, 0x0000000800000000)
  region size 2048K, 1 young (2048K), 0 survivors (0K)
 Metaspace       used 4154K, committed 4352K, reserved 1056768K
  class space    used 213K, committed 320K, reserved 1048576K
}
Event: 10.559 GC heap after
{Heap after GC invocations=4 (full 4):
 garbage-first heap   total 1048576K, used 3487K [0x0000000744800000, 0x0000000800000000)
  region size 2048K, 0 young (0K), 0 survivors (0K)
 Metaspace       used 4154K, committed 4352K, reserved 1056768K
  class space    used 213K, committed 320K, reserved 1048576K
}
Event: 12.911 GC heap before
{Heap before GC invocations=4 (full 4):
 garbage-first heap   total 1048576K, used 3487K [0x0000000744800000, 0x0000000800000000)
  region size 2048K, 1 young (2048K), 0 survivors (0K)
 Metaspace       used 4154K, committed 4352K, reserved 1056768K
  class space    used 213K, committed 320K, reserved 1048576K
}
Event: 12.916 GC heap after
{Heap after GC invocations=5 (full 5):
 garbage-first heap   total 1048576K, used 3479K [0x0000000744800000, 0x0000000800000000)
  region size 2048K, 0 young (0K), 0 survivors (0K)
 Metaspace       used 4154K, committed 4352K, reserved 1056768K
  class space    used 213K, committed 320K, reserved 1048576K
}
Event: 15.871 GC heap before
{Heap before GC invocations=5 (full 5):
 garbage-first heap   total 1048576K, used 50583K [0x0000000744800000, 0x0000000800000000)
  region size 2048K, 13 young (26624K), 0 survivors (0K)
 Metaspace       used 6754K, committed 6912K, reserved 1056768K
  class space    used 452K, committed 576K, reserved 1048576K
}
Event: 15.879 GC heap after
{Heap after GC invocations=6 (full 6):
 garbage-first heap   total 1048576K, used 5258K [0x0000000744800000, 0x0000000800000000)
  region size 2048K, 0 young (0K), 0 survivors (0K)
 Metaspace       used 6754K, committed 6912K, reserved 1056768K
  class space    used 452K, committed 576K, reserved 1048576K
}
Event: 20.696 GC heap before
{Heap before GC invocations=6 (full 6):
 garbage-first heap   total 1048576K, used 81034K [0x0000000744800000, 0x0000000800000000)
  region size 2048K, 25 young (51200K), 0 survivors (0K)
 Metaspace       used 9892K, committed 10112K, reserved 1064960K
  class space    used 732K, committed 832K, reserved 1048576K
}
Event: 20.701 GC heap after
{Heap after GC invocations=7 (full 6):
 garbage-first heap   total 1048576K, used 32042K [0x0000000744800000, 0x0000000800000000)
  region size 2048K, 2 young (4096K), 2 survivors (4096K)
 Metaspace       used 9892K, committed 10112K, reserved 1064960K
  class space    used 732K, committed 832K, reserved 1048576K
}

