# JRE version: Java(TM) SE Runtime Environment (17.0.1+12) (build 17.0.1+12-LTS-39)
# Java VM: Java HotSpot(TM) 64-Bit Server VM (17.0.1+12-LTS-39, mixed mode, sharing, tiered, compressed class ptrs, g1 gc, bsd-amd64)
GC Precious Log:
 CPUs: 12 total, 12 available
 Memory: 16384M
 Large Page Support: Disabled
 NUMA Support: Disabled
 Compressed Oops: Disabled
 Heap Region Size: 2M
 Heap Min Capacity: 1G
 Heap Initial Capacity: 1G
 Heap Max Capacity: 3000M
 Pre-touch: Disabled
 Parallel Workers: 10
 Concurrent Workers: 3
 Concurrent Refinement Workers: 10
 Periodic GC: Disabled
Heap:
 garbage-first heap   total 1048576K, used 5573K [0x0000000123400000, 0x00000001dec00000)
  region size 2048K, 1 young (2048K), 0 survivors (0K)
 Metaspace       used 10213K, committed 10432K, reserved 1064960K
  class space    used 787K, committed 896K, reserved 1048576K
GC Heap History (16 events):
Event: 3.436 GC heap before
{Heap before GC invocations=0 (full 0):
 garbage-first heap   total 1048576K, used 49152K [0x0000000123400000, 0x00000001dec00000)
  region size 2048K, 25 young (51200K), 0 survivors (0K)
 Metaspace       used 4204K, committed 4416K, reserved 1056768K
  class space    used 226K, committed 320K, reserved 1048576K
}
Event: 3.451 GC heap after
{Heap after GC invocations=1 (full 1):
 garbage-first heap   total 1048576K, used 3247K [0x0000000123400000, 0x00000001dec00000)
  region size 2048K, 0 young (0K), 0 survivors (0K)
 Metaspace       used 4204K, committed 4416K, reserved 1056768K
  class space    used 226K, committed 320K, reserved 1048576K
}
Event: 5.141 GC heap before
{Heap before GC invocations=1 (full 1):
 garbage-first heap   total 1048576K, used 3247K [0x0000000123400000, 0x00000001dec00000)
  region size 2048K, 1 young (2048K), 0 survivors (0K)
 Metaspace       used 4208K, committed 4416K, reserved 1056768K
  class space    used 226K, committed 320K, reserved 1048576K
}
Event: 5.151 GC heap after
{Heap after GC invocations=2 (full 2):
 garbage-first heap   total 1048576K, used 2725K [0x0000000123400000, 0x00000001dec00000)
  region size 2048K, 0 young (0K), 0 survivors (0K)
 Metaspace       used 4208K, committed 4416K, reserved 1056768K
  class space    used 226K, committed 320K, reserved 1048576K
}
Event: 6.902 GC heap before
{Heap before GC invocations=2 (full 2):
 garbage-first heap   total 1048576K, used 2725K [0x0000000123400000, 0x00000001dec00000)
  region size 2048K, 1 young (2048K), 0 survivors (0K)
 Metaspace       used 4208K, committed 4416K, reserved 1056768K
  class space    used 226K, committed 320K, reserved 1048576K
}
Event: 6.907 GC heap after
{Heap after GC invocations=3 (full 3):
 garbage-first heap   total 1048576K, used 2657K [0x0000000123400000, 0x00000001dec00000)
  region size 2048K, 0 young (0K), 0 survivors (0K)
 Metaspace       used 4208K, committed 4416K, reserved 1056768K
  class space    used 226K, committed 320K, reserved 1048576K
}
Event: 8.793 GC heap before
{Heap before GC invocations=3 (full 3):
 garbage-first heap   total 1048576K, used 2657K [0x0000000123400000, 0x00000001dec00000)
  region size 2048K, 1 young (2048K), 0 survivors (0K)
 Metaspace       used 4208K, committed 4416K, reserved 1056768K
  class space    used 226K, committed 320K, reserved 1048576K
}
Event: 8.798 GC heap after
{Heap after GC invocations=4 (full 4):
 garbage-first heap   total 1048576K, used 2636K [0x0000000123400000, 0x00000001dec00000)
  region size 2048K, 0 young (0K), 0 survivors (0K)
 Metaspace       used 4208K, committed 4416K, reserved 1056768K
  class space    used 226K, committed 320K, reserved 1048576K
}
Event: 10.607 GC heap before
{Heap before GC invocations=4 (full 4):
 garbage-first heap   total 1048576K, used 2636K [0x0000000123400000, 0x00000001dec00000)
  region size 2048K, 1 young (2048K), 0 survivors (0K)
 Metaspace       used 4208K, committed 4416K, reserved 1056768K
  class space    used 226K, committed 320K, reserved 1048576K
}
Event: 10.612 GC heap after
{Heap after GC invocations=5 (full 5):
 garbage-first heap   total 1048576K, used 2625K [0x0000000123400000, 0x00000001dec00000)
  region size 2048K, 0 young (0K), 0 survivors (0K)
 Metaspace       used 4208K, committed 4416K, reserved 1056768K
  class space    used 226K, committed 320K, reserved 1048576K
}
Event: 12.819 GC heap before
{Heap before GC invocations=5 (full 5):
 garbage-first heap   total 1048576K, used 14913K [0x0000000123400000, 0x00000001dec00000)
  region size 2048K, 5 young (10240K), 0 survivors (0K)
 Metaspace       used 6755K, committed 6912K, reserved 1056768K
  class space    used 457K, committed 512K, reserved 1048576K
}
Event: 12.826 GC heap after
{Heap after GC invocations=6 (full 6):
 garbage-first heap   total 1048576K, used 3865K [0x0000000123400000, 0x00000001dec00000)
  region size 2048K, 0 young (0K), 0 survivors (0K)
 Metaspace       used 6755K, committed 6912K, reserved 1056768K
  class space    used 457K, committed 512K, reserved 1048576K
}
Event: 15.696 GC heap before
{Heap before GC invocations=6 (full 6):
 garbage-first heap   total 1048576K, used 79641K [0x0000000123400000, 0x00000001dec00000)
  region size 2048K, 25 young (51200K), 0 survivors (0K)
 Metaspace       used 9880K, committed 10112K, reserved 1064960K
  class space    used 738K, committed 832K, reserved 1048576K
}
Event: 15.699 GC heap after
{Heap after GC invocations=7 (full 6):
 garbage-first heap   total 1048576K, used 31257K [0x0000000123400000, 0x00000001dec00000)
  region size 2048K, 2 young (4096K), 2 survivors (4096K)
 Metaspace       used 9880K, committed 10112K, reserved 1064960K
  class space    used 738K, committed 832K, reserved 1048576K
}
Event: 16.062 GC heap before
{Heap before GC invocations=7 (full 6):
 garbage-first heap   total 1048576K, used 80409K [0x0000000123400000, 0x00000001dec00000)
  region size 2048K, 15 young (30720K), 2 survivors (4096K)
 Metaspace       used 9926K, committed 10112K, reserved 1064960K
  class space    used 748K, committed 832K, reserved 1048576K
}
Event: 16.070 GC heap after
{Heap after GC invocations=8 (full 7):
 garbage-first heap   total 1048576K, used 5573K [0x0000000123400000, 0x00000001dec00000)
  region size 2048K, 0 young (0K), 0 survivors (0K)
 Metaspace       used 9926K, committed 10112K, reserved 1064960K
  class space    used 748K, committed 832K, reserved 1048576K
}

