# JRE version: Java(TM) SE Runtime Environment (8.0_271-b09) (build 1.8.0_271-b09)
# Java VM: Java HotSpot(TM) 64-Bit Server VM (25.271-b09 mixed mode bsd-amd64 compressed oops)
Heap:
 PSYoungGen      total 305664K, used 53819K [0x0000000781800000, 0x0000000796d00000, 0x00000007c0000000)
  eden space 262144K, 20% used [0x0000000781800000,0x0000000784c8ecc0,0x0000000791800000)
  from space 43520K, 0% used [0x0000000794280000,0x0000000794280000,0x0000000796d00000)
  to   space 43520K, 0% used [0x0000000791800000,0x0000000791800000,0x0000000794280000)
 ParOldGen       total 699392K, used 1706K [0x0000000704800000, 0x000000072f300000, 0x0000000781800000)
  object space 699392K, 0% used [0x0000000704800000,0x00000007049aa9b0,0x000000072f300000)
 Metaspace       used 12121K, capacity 12365K, committed 12800K, reserved 1060864K
  class space    used 1036K, capacity 1153K, committed 1280K, reserved 1048576K
GC Heap History (10 events):
Event: 7.049 GC heap before
{Heap before GC invocations=8 (full 4):
 PSYoungGen      total 305664K, used 288K [0x0000000781800000, 0x0000000796d00000, 0x00000007c0000000)
  eden space 262144K, 0% used [0x0000000781800000,0x0000000781800000,0x0000000791800000)
  from space 43520K, 0% used [0x0000000794280000,0x00000007942c8000,0x0000000796d00000)
  to   space 43520K, 0% used [0x0000000791800000,0x0000000791800000,0x0000000794280000)
 ParOldGen       total 699392K, used 1734K [0x0000000704800000, 0x000000072f300000, 0x0000000781800000)
  object space 699392K, 0% used [0x0000000704800000,0x00000007049b1838,0x000000072f300000)
 Metaspace       used 8315K, capacity 8513K, committed 8832K, reserved 1056768K
  class space    used 718K, capacity 809K, committed 896K, reserved 1048576K
Event: 7.054 GC heap after
Heap after GC invocations=8 (full 4):
 PSYoungGen      total 305664K, used 0K [0x0000000781800000, 0x0000000796d00000, 0x00000007c0000000)
  eden space 262144K, 0% used [0x0000000781800000,0x0000000781800000,0x0000000791800000)
  from space 43520K, 0% used [0x0000000794280000,0x0000000794280000,0x0000000796d00000)
  to   space 43520K, 0% used [0x0000000791800000,0x0000000791800000,0x0000000794280000)
 ParOldGen       total 699392K, used 1719K [0x0000000704800000, 0x000000072f300000, 0x0000000781800000)
  object space 699392K, 0% used [0x0000000704800000,0x00000007049add28,0x000000072f300000)
 Metaspace       used 8315K, capacity 8513K, committed 8832K, reserved 1056768K
  class space    used 718K, capacity 809K, committed 896K, reserved 1048576K
}
Event: 8.701 GC heap before
{Heap before GC invocations=9 (full 4):
 PSYoungGen      total 305664K, used 5242K [0x0000000781800000, 0x0000000796d00000, 0x00000007c0000000)
  eden space 262144K, 2% used [0x0000000781800000,0x0000000781d1eba0,0x0000000791800000)
  from space 43520K, 0% used [0x0000000794280000,0x0000000794280000,0x0000000796d00000)
  to   space 43520K, 0% used [0x0000000791800000,0x0000000791800000,0x0000000794280000)
 ParOldGen       total 699392K, used 1719K [0x0000000704800000, 0x000000072f300000, 0x0000000781800000)
  object space 699392K, 0% used [0x0000000704800000,0x00000007049add28,0x000000072f300000)
 Metaspace       used 8315K, capacity 8513K, committed 8832K, reserved 1056768K
  class space    used 718K, capacity 809K, committed 896K, reserved 1048576K
Event: 8.705 GC heap after
Heap after GC invocations=9 (full 4):
 PSYoungGen      total 305664K, used 128K [0x0000000781800000, 0x0000000796d00000, 0x00000007c0000000)
  eden space 262144K, 0% used [0x0000000781800000,0x0000000781800000,0x0000000791800000)
  from space 43520K, 0% used [0x0000000791800000,0x0000000791820000,0x0000000794280000)
  to   space 43520K, 0% used [0x0000000794280000,0x0000000794280000,0x0000000796d00000)
 ParOldGen       total 699392K, used 1719K [0x0000000704800000, 0x000000072f300000, 0x0000000781800000)
  object space 699392K, 0% used [0x0000000704800000,0x00000007049add28,0x000000072f300000)
 Metaspace       used 8315K, capacity 8513K, committed 8832K, reserved 1056768K
  class space    used 718K, capacity 809K, committed 896K, reserved 1048576K
}
Event: 8.705 GC heap before
{Heap before GC invocations=10 (full 5):
 PSYoungGen      total 305664K, used 128K [0x0000000781800000, 0x0000000796d00000, 0x00000007c0000000)
  eden space 262144K, 0% used [0x0000000781800000,0x0000000781800000,0x0000000791800000)
  from space 43520K, 0% used [0x0000000791800000,0x0000000791820000,0x0000000794280000)
  to   space 43520K, 0% used [0x0000000794280000,0x0000000794280000,0x0000000796d00000)
 ParOldGen       total 699392K, used 1719K [0x0000000704800000, 0x000000072f300000, 0x0000000781800000)
  object space 699392K, 0% used [0x0000000704800000,0x00000007049add28,0x000000072f300000)
 Metaspace       used 8315K, capacity 8513K, committed 8832K, reserved 1056768K
  class space    used 718K, capacity 809K, committed 896K, reserved 1048576K
Event: 8.716 GC heap after
Heap after GC invocations=10 (full 5):
 PSYoungGen      total 305664K, used 0K [0x0000000781800000, 0x0000000796d00000, 0x00000007c0000000)
  eden space 262144K, 0% used [0x0000000781800000,0x0000000781800000,0x0000000791800000)
  from space 43520K, 0% used [0x0000000791800000,0x0000000791800000,0x0000000794280000)
  to   space 43520K, 0% used [0x0000000794280000,0x0000000794280000,0x0000000796d00000)
 ParOldGen       total 699392K, used 1711K [0x0000000704800000, 0x000000072f300000, 0x0000000781800000)
  object space 699392K, 0% used [0x0000000704800000,0x00000007049abdf0,0x000000072f300000)
 Metaspace       used 8315K, capacity 8513K, committed 8832K, reserved 1056768K
  class space    used 718K, capacity 809K, committed 896K, reserved 1048576K
}
Event: 10.854 GC heap before
{Heap before GC invocations=11 (full 5):
 PSYoungGen      total 305664K, used 5242K [0x0000000781800000, 0x0000000796d00000, 0x00000007c0000000)
  eden space 262144K, 2% used [0x0000000781800000,0x0000000781d1eba0,0x0000000791800000)
  from space 43520K, 0% used [0x0000000791800000,0x0000000791800000,0x0000000794280000)
  to   space 43520K, 0% used [0x0000000794280000,0x0000000794280000,0x0000000796d00000)
 ParOldGen       total 699392K, used 1711K [0x0000000704800000, 0x000000072f300000, 0x0000000781800000)
  object space 699392K, 0% used [0x0000000704800000,0x00000007049abdf0,0x000000072f300000)
 Metaspace       used 8315K, capacity 8513K, committed 8832K, reserved 1056768K
  class space    used 718K, capacity 809K, committed 896K, reserved 1048576K
Event: 10.856 GC heap after
Heap after GC invocations=11 (full 5):
 PSYoungGen      total 305664K, used 160K [0x0000000781800000, 0x0000000796d00000, 0x00000007c0000000)
  eden space 262144K, 0% used [0x0000000781800000,0x0000000781800000,0x0000000791800000)
  from space 43520K, 0% used [0x0000000794280000,0x00000007942a8000,0x0000000796d00000)
  to   space 43520K, 0% used [0x0000000791800000,0x0000000791800000,0x0000000794280000)
 ParOldGen       total 699392K, used 1711K [0x0000000704800000, 0x000000072f300000, 0x0000000781800000)
  object space 699392K, 0% used [0x0000000704800000,0x00000007049abdf0,0x000000072f300000)
 Metaspace       used 8315K, capacity 8513K, committed 8832K, reserved 1056768K
  class space    used 718K, capacity 809K, committed 896K, reserved 1048576K
}
Event: 10.856 GC heap before
{Heap before GC invocations=12 (full 6):
 PSYoungGen      total 305664K, used 160K [0x0000000781800000, 0x0000000796d00000, 0x00000007c0000000)
  eden space 262144K, 0% used [0x0000000781800000,0x0000000781800000,0x0000000791800000)
  from space 43520K, 0% used [0x0000000794280000,0x00000007942a8000,0x0000000796d00000)
  to   space 43520K, 0% used [0x0000000791800000,0x0000000791800000,0x0000000794280000)
 ParOldGen       total 699392K, used 1711K [0x0000000704800000, 0x000000072f300000, 0x0000000781800000)
  object space 699392K, 0% used [0x0000000704800000,0x00000007049abdf0,0x000000072f300000)
 Metaspace       used 8315K, capacity 8513K, committed 8832K, reserved 1056768K
  class space    used 718K, capacity 809K, committed 896K, reserved 1048576K
Event: 10.865 GC heap after
Heap after GC invocations=12 (full 6):
 PSYoungGen      total 305664K, used 0K [0x0000000781800000, 0x0000000796d00000, 0x00000007c0000000)
  eden space 262144K, 0% used [0x0000000781800000,0x0000000781800000,0x0000000791800000)
  from space 43520K, 0% used [0x0000000794280000,0x0000000794280000,0x0000000796d00000)
  to   space 43520K, 0% used [0x0000000791800000,0x0000000791800000,0x0000000794280000)
 ParOldGen       total 699392K, used 1706K [0x0000000704800000, 0x000000072f300000, 0x0000000781800000)
  object space 699392K, 0% used [0x0000000704800000,0x00000007049aa9b0,0x000000072f300000)
 Metaspace       used 8315K, capacity 8513K, committed 8832K, reserved 1056768K
  class space    used 718K, capacity 809K, committed 896K, reserved 1048576K
}

